Gradle/app/build/outputs/apk/manifest-merger-debug-report.txt
-- Merging decision tree log ---
manifest
ADDED from AndroidManifest.xml:19:1
	xmlns:android
		ADDED from AndroidManifest.xml:19:11
	package
		ADDED from AndroidManifest.xml:20:11
		INJECTED from AndroidManifest.xml:0:0
		INJECTED from AndroidManifest.xml:0:0
	android:versionName
		ADDED from AndroidManifest.xml:22:11
	android:versionCode
		ADDED from AndroidManifest.xml:21:11
		INJECTED from AndroidManifest.xml:0:0
		INJECTED from AndroidManifest.xml:0:0
uses-sdk
ADDED from AndroidManifest.xml:23:5
	android:targetSdkVersion
		INJECTED from AndroidManifest.xml:0:0
		INJECTED from AndroidManifest.xml:0:0
	android:minSdkVersion
		ADDED from AndroidManifest.xml:23:15
		INJECTED from AndroidManifest.xml:0:0
		INJECTED from AndroidManifest.xml:0:0
uses-permission#android.permission.INTERNET
ADDED from AndroidManifest.xml:24:5
	android:name
		ADDED from AndroidManifest.xml:24:22
uses-permission#android.permission.ACCESS_NETWORK_STATE
ADDED from AndroidManifest.xml:25:5
	android:name
		ADDED from AndroidManifest.xml:25:22
uses-permission#android.permission.WRITE_EXTERNAL_STORAGE
ADDED from AndroidManifest.xml:26:5
	android:name
		ADDED from AndroidManifest.xml:26:22
uses-permission#android.permission.ACCESS_WIFI_STATE
ADDED from AndroidManifest.xml:27:5
	android:name
		ADDED from AndroidManifest.xml:27:22
uses-permission#android.permission.WAKE_LOCK
ADDED from AndroidManifest.xml:28:5
	android:name
		ADDED from AndroidManifest.xml:28:22
uses-permission#android.permission.FLASHLIGHT
ADDED from AndroidManifest.xml:29:5
	android:name
		ADDED from AndroidManifest.xml:29:22
uses-permission#android.permission.CAMERA
ADDED from AndroidManifest.xml:30:5
	android:name
		ADDED from AndroidManifest.xml:30:22
uses-permission#android.permission.ACCESS_COARSE_LOCATION
ADDED from AndroidManifest.xml:31:2
	android:name
		ADDED from AndroidManifest.xml:31:19
uses-permission#android.permission.ACCESS_FINE_LOCATION
ADDED from AndroidManifest.xml:32:5
	android:name
		ADDED from AndroidManifest.xml:32:22
application
ADDED from AndroidManifest.xml:33:5
	android:label
		ADDED from AndroidManifest.xml:34:9
	android:icon
		ADDED from AndroidManifest.xml:35:9
	android:theme
		ADDED from AndroidManifest.xml:38:9
	android:name
		ADDED from AndroidManifest.xml:37:9
	android:logo
		ADDED from AndroidManifest.xml:36:9
activity#com.ibm.iot.android.iotstarter.activities.MainActivity
ADDED from AndroidManifest.xml:39:9
	android:label
		ADDED from AndroidManifest.xml:41:13
	android:name
		ADDED from AndroidManifest.xml:40:13
	android:launchMode
		ADDED from AndroidManifest.xml:42:13
intent-filter#android.intent.action.MAIN+android.intent.category.LAUNCHER
ADDED from AndroidManifest.xml:43:13
action#android.intent.action.MAIN
ADDED from AndroidManifest.xml:44:17
	android:name
		ADDED from AndroidManifest.xml:44:25
category#android.intent.category.LAUNCHER
ADDED from AndroidManifest.xml:45:17
	android:name
		ADDED from AndroidManifest.xml:45:27
activity#com.ibm.iot.android.iotstarter.activities.ProfilesActivity
ADDED from AndroidManifest.xml:49:9
	android:name
		ADDED from AndroidManifest.xml:50:17
	android:launchMode
		ADDED from AndroidManifest.xml:51:17
service#org.eclipse.paho.android.service.MqttService
ADDED from AndroidManifest.xml:55:9
	android:name
		ADDED from AndroidManifest.xml:55:18